<?xml version="1.0" encoding="UTF-8"?>
<testsuite name="com.fastcampus.projectboard.FastCampusProjectBoardApplicationTests" tests="1" skipped="0" failures="0" errors="0" timestamp="2023-09-26T05:46:19" hostname="DESKTOP-E6L0J6B" time="0.741">
  <properties/>
  <testcase name="contextLoads()" classname="com.fastcampus.projectboard.FastCampusProjectBoardApplicationTests" time="0.741"/>
  <system-out><![CDATA[14:46:17.731 [Test worker] INFO org.springframework.test.context.support.AnnotationConfigContextLoaderUtils -- Could not detect default configuration classes for test class [com.fastcampus.projectboard.FastCampusProjectBoardApplicationTests]: FastCampusProjectBoardApplicationTests does not declare any static, non-private, non-final, nested classes annotated with @Configuration.
14:46:17.817 [Test worker] INFO org.springframework.boot.test.context.SpringBootTestContextBootstrapper -- Found @SpringBootConfiguration com.fastcampus.projectboard.FastCampusProjectBoardApplication for test class com.fastcampus.projectboard.FastCampusProjectBoardApplicationTests

  .   ____          _            __ _ _
 /\\ / ___'_ __ _ _(_)_ __  __ _ \ \ \ \
( ( )\___ | '_ | '_| | '_ \/ _` | \ \ \ \
 \\/  ___)| |_)| | | | | || (_| |  ) ) ) )
  '  |____| .__|_| |_|_| |_\__, | / / / /
 =========|_|==============|___/=/_/_/_/
 :: Spring Boot ::                (v3.1.4)

2023-09-26T14:46:18.164+09:00  INFO 18836 --- [    Test worker] p.FastCampusProjectBoardApplicationTests : Starting FastCampusProjectBoardApplicationTests using Java 17.0.7 with PID 18836 (started by oycoy in C:\Users\oycoy\OneDrive\문서\fast\fastcampus-project-board\fastcampus-project-board)
2023-09-26T14:46:18.166+09:00  INFO 18836 --- [    Test worker] p.FastCampusProjectBoardApplicationTests : No active profile set, falling back to 1 default profile: "default"
2023-09-26T14:46:19.561+09:00  INFO 18836 --- [    Test worker] o.s.b.a.e.web.EndpointLinksResolver      : Exposing 1 endpoint(s) beneath base path '/actuator'
2023-09-26T14:46:19.608+09:00  INFO 18836 --- [    Test worker] p.FastCampusProjectBoardApplicationTests : Started FastCampusProjectBoardApplicationTests in 1.633 seconds (process running for 2.571)
]]></system-out>
  <system-err><![CDATA[]]></system-err>
</testsuite>
